[12-Oct-2016 05:30:27 UTC] PHP Notice:  Undefined variable: nil in /var/www/html/wordpress/wp-includes/user.php on line 2508
[12-Oct-2016 05:30:29 UTC] PHP Notice:  Undefined variable: nil in /var/www/html/wordpress/wp-includes/user.php on line 2508
[12-Oct-2016 05:30:33 UTC] PHP Notice:  Undefined variable: nil in /var/www/html/wordpress/wp-includes/user.php on line 2508
[12-Oct-2016 05:31:36 UTC] PHP Notice:  Undefined variable: nil in /var/www/html/wordpress/wp-includes/user.php on line 2508
[12-Oct-2016 05:33:36 UTC] PHP Notice:  Undefined variable: nil in /var/www/html/wordpress/wp-includes/user.php on line 2508
[12-Oct-2016 05:35:36 UTC] PHP Notice:  Undefined variable: nil in /var/www/html/wordpress/wp-includes/user.php on line 2508
[12-Oct-2016 05:37:36 UTC] PHP Notice:  Undefined variable: nil in /var/www/html/wordpress/wp-includes/user.php on line 2508
[12-Oct-2016 05:39:36 UTC] PHP Notice:  Undefined variable: nil in /var/www/html/wordpress/wp-includes/user.php on line 2508
[12-Oct-2016 05:40:16 UTC] PHP Notice:  Undefined variable: nil in /var/www/html/wordpress/wp-includes/user.php on line 2508
[12-Oct-2016 05:41:17 UTC] PHP Notice:  Undefined variable: nil in /var/www/html/wordpress/wp-includes/user.php on line 2508
[12-Oct-2016 05:42:17 UTC] PHP Notice:  Undefined variable: nil in /var/www/html/wordpress/wp-includes/user.php on line 2508
[12-Oct-2016 05:44:17 UTC] PHP Notice:  Undefined variable: nil in /var/www/html/wordpress/wp-includes/user.php on line 2508
[12-Oct-2016 05:46:17 UTC] PHP Notice:  Undefined variable: nil in /var/www/html/wordpress/wp-includes/user.php on line 2508
[12-Oct-2016 05:48:17 UTC] PHP Notice:  Undefined variable: nil in /var/www/html/wordpress/wp-includes/user.php on line 2508
[12-Oct-2016 05:49:30 UTC] PHP Notice:  Undefined variable: nil in /var/www/html/wordpress/wp-includes/user.php on line 2508
[12-Oct-2016 05:50:15 UTC] PHP Notice:  Undefined variable: nil in /var/www/html/wordpress/wp-includes/user.php on line 2508
[12-Oct-2016 05:51:16 UTC] PHP Notice:  Undefined variable: nil in /var/www/html/wordpress/wp-includes/user.php on line 2508
[12-Oct-2016 05:53:07 UTC] PHP Notice:  Undefined variable: nil in /var/www/html/wordpress/wp-includes/user.php on line 2508
[12-Oct-2016 05:53:13 UTC] PHP Notice:  Undefined variable: nil in /var/www/html/wordpress/wp-includes/user.php on line 2508
[12-Oct-2016 05:53:22 UTC] PHP Notice:  Undefined variable: nil in /var/www/html/wordpress/wp-includes/user.php on line 2508
[12-Oct-2016 05:54:11 UTC] PHP Notice:  Undefined variable: nil in /var/www/html/wordpress/wp-includes/user.php on line 2508
[12-Oct-2016 05:54:12 UTC] PHP Notice:  Undefined variable: nil in /var/www/html/wordpress/wp-includes/user.php on line 2508
[12-Oct-2016 05:55:13 UTC] PHP Notice:  Undefined variable: nil in /var/www/html/wordpress/wp-includes/user.php on line 2508
[12-Oct-2016 05:57:13 UTC] PHP Notice:  Undefined variable: nil in /var/www/html/wordpress/wp-includes/user.php on line 2508
[12-Oct-2016 05:59:13 UTC] PHP Notice:  Undefined variable: nil in /var/www/html/wordpress/wp-includes/user.php on line 2508
[12-Oct-2016 06:01:13 UTC] PHP Notice:  Undefined variable: nil in /var/www/html/wordpress/wp-includes/user.php on line 2508
[12-Oct-2016 06:03:13 UTC] PHP Notice:  Undefined variable: nil in /var/www/html/wordpress/wp-includes/user.php on line 2508
[12-Oct-2016 06:05:13 UTC] PHP Notice:  Undefined variable: nil in /var/www/html/wordpress/wp-includes/user.php on line 2508
[12-Oct-2016 06:07:13 UTC] PHP Notice:  Undefined variable: nil in /var/www/html/wordpress/wp-includes/user.php on line 2508
[12-Oct-2016 06:09:13 UTC] PHP Notice:  Undefined variable: nil in /var/www/html/wordpress/wp-includes/user.php on line 2508
[12-Oct-2016 06:11:13 UTC] PHP Notice:  Undefined variable: nil in /var/www/html/wordpress/wp-includes/user.php on line 2508
[12-Oct-2016 06:13:13 UTC] PHP Notice:  Undefined variable: nil in /var/www/html/wordpress/wp-includes/user.php on line 2508
[12-Oct-2016 06:15:13 UTC] PHP Notice:  Undefined variable: nil in /var/www/html/wordpress/wp-includes/user.php on line 2508
[12-Oct-2016 06:17:13 UTC] PHP Notice:  Undefined variable: nil in /var/www/html/wordpress/wp-includes/user.php on line 2508
[12-Oct-2016 06:19:13 UTC] PHP Notice:  Undefined variable: nil in /var/www/html/wordpress/wp-includes/user.php on line 2508
[12-Oct-2016 06:20:13 UTC] PHP Notice:  Undefined variable: nil in /var/www/html/wordpress/wp-includes/user.php on line 2508
[12-Oct-2016 06:21:37 UTC] PHP Notice:  Undefined variable: nil in /var/www/html/wordpress/wp-includes/user.php on line 2508
[12-Oct-2016 06:22:37 UTC] PHP Notice:  Undefined variable: nil in /var/www/html/wordpress/wp-includes/user.php on line 2508
[12-Oct-2016 06:24:16 UTC] PHP Notice:  Undefined variable: nil in /var/www/html/wordpress/wp-includes/user.php on line 2508
[12-Oct-2016 06:25:16 UTC] PHP Notice:  Undefined variable: nil in /var/www/html/wordpress/wp-includes/user.php on line 2508
[12-Oct-2016 06:27:16 UTC] PHP Notice:  Undefined variable: nil in /var/www/html/wordpress/wp-includes/user.php on line 2508
[12-Oct-2016 06:29:16 UTC] PHP Notice:  Undefined variable: nil in /var/www/html/wordpress/wp-includes/user.php on line 2508
[12-Oct-2016 06:31:16 UTC] PHP Notice:  Undefined variable: nil in /var/www/html/wordpress/wp-includes/user.php on line 2508
[12-Oct-2016 06:32:07 UTC] PHP Notice:  Undefined variable: nil in /var/www/html/wordpress/wp-includes/user.php on line 2508
[12-Oct-2016 06:32:07 UTC] PHP Notice:  Undefined variable: nil in /var/www/html/wordpress/wp-includes/user.php on line 2508
[12-Oct-2016 06:32:16 UTC] PHP Notice:  Undefined variable: nil in /var/www/html/wordpress/wp-includes/user.php on line 2508
[12-Oct-2016 06:32:40 UTC] PHP Notice:  Undefined variable: nil in /var/www/html/wordpress/wp-includes/user.php on line 2508
[12-Oct-2016 06:32:41 UTC] PHP Notice:  Undefined variable: nil in /var/www/html/wordpress/wp-includes/user.php on line 2508
[12-Oct-2016 06:33:00 UTC] PHP Notice:  Undefined variable: nil in /var/www/html/wordpress/wp-includes/user.php on line 2508
[12-Oct-2016 06:33:00 UTC] PHP Notice:  Undefined variable: nil in /var/www/html/wordpress/wp-includes/user.php on line 2508
[12-Oct-2016 06:33:05 UTC] PHP Notice:  Undefined variable: nil in /var/www/html/wordpress/wp-includes/user.php on line 2508
[12-Oct-2016 06:33:14 UTC] PHP Notice:  Undefined variable: nil in /var/www/html/wordpress/wp-includes/user.php on line 2508
[12-Oct-2016 06:34:15 UTC] PHP Notice:  Undefined variable: nil in /var/www/html/wordpress/wp-includes/user.php on line 2508
[12-Oct-2016 06:36:15 UTC] PHP Notice:  Undefined variable: nil in /var/www/html/wordpress/wp-includes/user.php on line 2508
[12-Oct-2016 06:36:44 UTC] PHP Notice:  Undefined variable: nil in /var/www/html/wordpress/wp-includes/user.php on line 2508
[12-Oct-2016 06:46:11 UTC] PHP Notice:  Undefined variable: nil in /var/www/html/wordpress/wp-includes/user.php on line 2508
[12-Oct-2016 06:47:12 UTC] PHP Notice:  Undefined variable: nil in /var/www/html/wordpress/wp-includes/user.php on line 2508
[12-Oct-2016 06:47:30 UTC] PHP Notice:  Undefined variable: nil in /var/www/html/wordpress/wp-includes/user.php on line 2508
[12-Oct-2016 06:47:46 UTC] PHP Notice:  Undefined variable: nil in /var/www/html/wordpress/wp-includes/user.php on line 2508
[12-Oct-2016 06:47:54 UTC] PHP Notice:  Undefined variable: nil in /var/www/html/wordpress/wp-includes/user.php on line 2508
[12-Oct-2016 06:48:48 UTC] PHP Notice:  Undefined variable: nil in /var/www/html/wordpress/wp-includes/user.php on line 2508
[12-Oct-2016 06:49:49 UTC] PHP Notice:  Undefined variable: nil in /var/www/html/wordpress/wp-includes/user.php on line 2508
[12-Oct-2016 06:50:21 UTC] PHP Notice:  Undefined variable: nil in /var/www/html/wordpress/wp-includes/user.php on line 2508
[12-Oct-2016 06:50:24 UTC] PHP Notice:  Undefined variable: nil in /var/www/html/wordpress/wp-includes/user.php on line 2508
[12-Oct-2016 06:50:43 UTC] PHP Notice:  Undefined variable: nil in /var/www/html/wordpress/wp-includes/user.php on line 2508
[12-Oct-2016 06:51:08 UTC] PHP Notice:  Undefined variable: nil in /var/www/html/wordpress/wp-includes/user.php on line 2508
[12-Oct-2016 06:51:17 UTC] PHP Notice:  Undefined variable: nil in /var/www/html/wordpress/wp-includes/user.php on line 2508
[12-Oct-2016 06:51:22 UTC] PHP Notice:  Undefined variable: nil in /var/www/html/wordpress/wp-includes/user.php on line 2508
[12-Oct-2016 06:51:28 UTC] PHP Notice:  Undefined variable: nil in /var/www/html/wordpress/wp-includes/user.php on line 2508
[12-Oct-2016 06:51:34 UTC] PHP Notice:  Undefined variable: nil in /var/www/html/wordpress/wp-includes/user.php on line 2508
[12-Oct-2016 06:51:35 UTC] PHP Notice:  Undefined variable: nil in /var/www/html/wordpress/wp-includes/user.php on line 2508
[12-Oct-2016 06:52:36 UTC] PHP Notice:  Undefined variable: nil in /var/www/html/wordpress/wp-includes/user.php on line 2508
[12-Oct-2016 06:52:47 UTC] PHP Notice:  Undefined variable: nil in /var/www/html/wordpress/wp-includes/user.php on line 2508
[12-Oct-2016 06:52:48 UTC] PHP Notice:  Undefined variable: nil in /var/www/html/wordpress/wp-includes/user.php on line 2508
[12-Oct-2016 06:53:22 UTC] PHP Notice:  Undefined variable: nil in /var/www/html/wordpress/wp-includes/user.php on line 2508
[12-Oct-2016 06:54:57 UTC] PHP Notice:  Undefined variable: nil in /var/www/html/wordpress/wp-includes/user.php on line 2508
[12-Oct-2016 06:55:16 UTC] PHP Notice:  Undefined variable: nil in /var/www/html/wordpress/wp-includes/user.php on line 2508
[12-Oct-2016 06:55:17 UTC] PHP Notice:  Undefined variable: nil in /var/www/html/wordpress/wp-includes/user.php on line 2508
[12-Oct-2016 06:55:22 UTC] PHP Notice:  Undefined variable: nil in /var/www/html/wordpress/wp-includes/user.php on line 2508
[12-Oct-2016 06:55:44 UTC] PHP Notice:  Undefined variable: nil in /var/www/html/wordpress/wp-includes/user.php on line 2508
[12-Oct-2016 06:55:52 UTC] PHP Notice:  Undefined variable: nil in /var/www/html/wordpress/wp-includes/user.php on line 2508
[12-Oct-2016 06:55:54 UTC] PHP Notice:  Undefined variable: nil in /var/www/html/wordpress/wp-includes/user.php on line 2508
[12-Oct-2016 06:56:55 UTC] PHP Notice:  Undefined variable: nil in /var/www/html/wordpress/wp-includes/user.php on line 2508
[12-Oct-2016 06:56:58 UTC] PHP Notice:  Undefined variable: nil in /var/www/html/wordpress/wp-includes/user.php on line 2508
[12-Oct-2016 06:57:05 UTC] PHP Notice:  Undefined variable: nil in /var/www/html/wordpress/wp-includes/user.php on line 2508
[12-Oct-2016 06:57:06 UTC] PHP Notice:  Undefined variable: nil in /var/www/html/wordpress/wp-includes/user.php on line 2508
[12-Oct-2016 06:57:22 UTC] PHP Notice:  Undefined variable: nil in /var/www/html/wordpress/wp-includes/user.php on line 2508
[12-Oct-2016 06:57:28 UTC] PHP Notice:  Undefined variable: nil in /var/www/html/wordpress/wp-includes/user.php on line 2508
[12-Oct-2016 06:57:31 UTC] PHP Notice:  Undefined variable: nil in /var/www/html/wordpress/wp-includes/user.php on line 2508
[12-Oct-2016 06:57:43 UTC] PHP Notice:  Undefined variable: nil in /var/www/html/wordpress/wp-includes/user.php on line 2508
[12-Oct-2016 06:57:44 UTC] PHP Notice:  Undefined variable: nil in /var/www/html/wordpress/wp-includes/user.php on line 2508
[12-Oct-2016 06:58:45 UTC] PHP Notice:  Undefined variable: nil in /var/www/html/wordpress/wp-includes/user.php on line 2508
[12-Oct-2016 06:59:06 UTC] PHP Notice:  Undefined variable: nil in /var/www/html/wordpress/wp-includes/user.php on line 2508
[12-Oct-2016 06:59:17 UTC] PHP Notice:  Undefined variable: nil in /var/www/html/wordpress/wp-includes/user.php on line 2508
[12-Oct-2016 06:59:18 UTC] PHP Notice:  Undefined variable: nil in /var/www/html/wordpress/wp-includes/user.php on line 2508
[12-Oct-2016 06:59:22 UTC] PHP Notice:  Undefined variable: nil in /var/www/html/wordpress/wp-includes/user.php on line 2508
[12-Oct-2016 06:59:56 UTC] PHP Notice:  Undefined variable: nil in /var/www/html/wordpress/wp-includes/user.php on line 2508
[12-Oct-2016 07:00:01 UTC] PHP Notice:  Undefined variable: nil in /var/www/html/wordpress/wp-includes/user.php on line 2508
[12-Oct-2016 07:01:22 UTC] PHP Notice:  Undefined variable: nil in /var/www/html/wordpress/wp-includes/user.php on line 2508
[12-Oct-2016 07:03:22 UTC] PHP Notice:  Undefined variable: nil in /var/www/html/wordpress/wp-includes/user.php on line 2508
[12-Oct-2016 07:05:22 UTC] PHP Notice:  Undefined variable: nil in /var/www/html/wordpress/wp-includes/user.php on line 2508
[12-Oct-2016 07:07:22 UTC] PHP Notice:  Undefined variable: nil in /var/www/html/wordpress/wp-includes/user.php on line 2508
[12-Oct-2016 07:07:31 UTC] PHP Notice:  Undefined variable: nil in /var/www/html/wordpress/wp-includes/user.php on line 2508
[12-Oct-2016 07:07:32 UTC] PHP Notice:  Undefined variable: nil in /var/www/html/wordpress/wp-includes/user.php on line 2508
[12-Oct-2016 07:07:56 UTC] PHP Notice:  Undefined variable: nil in /var/www/html/wordpress/wp-includes/user.php on line 2508
[12-Oct-2016 07:08:19 UTC] PHP Notice:  Undefined variable: nil in /var/www/html/wordpress/wp-includes/user.php on line 2508
[12-Oct-2016 07:08:20 UTC] PHP Notice:  Undefined variable: nil in /var/www/html/wordpress/wp-includes/user.php on line 2508
[12-Oct-2016 07:09:05 UTC] PHP Notice:  Undefined variable: nil in /var/www/html/wordpress/wp-includes/user.php on line 2508
[12-Oct-2016 07:09:09 UTC] PHP Notice:  Undefined variable: nil in /var/www/html/wordpress/wp-includes/user.php on line 2508
[12-Oct-2016 07:09:19 UTC] PHP Notice:  Undefined variable: nil in /var/www/html/wordpress/wp-includes/user.php on line 2508
[12-Oct-2016 07:09:20 UTC] PHP Notice:  Undefined variable: nil in /var/www/html/wordpress/wp-includes/user.php on line 2508
[12-Oct-2016 07:09:22 UTC] PHP Notice:  Undefined variable: nil in /var/www/html/wordpress/wp-includes/user.php on line 2508
[12-Oct-2016 07:10:26 UTC] PHP Notice:  Undefined variable: nil in /var/www/html/wordpress/wp-includes/user.php on line 2508
[12-Oct-2016 07:11:22 UTC] PHP Notice:  Undefined variable: nil in /var/www/html/wordpress/wp-includes/user.php on line 2508
[12-Oct-2016 07:11:29 UTC] PHP Notice:  Undefined variable: nil in /var/www/html/wordpress/wp-includes/user.php on line 2508
[12-Oct-2016 07:11:31 UTC] PHP Notice:  Undefined variable: nil in /var/www/html/wordpress/wp-includes/user.php on line 2508
[12-Oct-2016 07:11:46 UTC] PHP Notice:  Undefined variable: nil in /var/www/html/wordpress/wp-includes/user.php on line 2508
[12-Oct-2016 07:13:22 UTC] PHP Notice:  Undefined variable: nil in /var/www/html/wordpress/wp-includes/user.php on line 2508
[12-Oct-2016 07:13:59 UTC] PHP Notice:  Undefined variable: nil in /var/www/html/wordpress/wp-includes/user.php on line 2508
[12-Oct-2016 07:14:00 UTC] PHP Notice:  Undefined variable: nil in /var/www/html/wordpress/wp-includes/user.php on line 2508
[12-Oct-2016 07:15:18 UTC] PHP Notice:  Undefined variable: nil in /var/www/html/wordpress/wp-includes/user.php on line 2508
[12-Oct-2016 07:15:22 UTC] PHP Notice:  Undefined variable: nil in /var/www/html/wordpress/wp-includes/user.php on line 2508
[12-Oct-2016 07:15:40 UTC] PHP Notice:  Undefined variable: nil in /var/www/html/wordpress/wp-includes/user.php on line 2508
[12-Oct-2016 07:15:41 UTC] PHP Notice:  Undefined variable: nil in /var/www/html/wordpress/wp-includes/user.php on line 2508
[12-Oct-2016 07:16:51 UTC] PHP Notice:  Undefined variable: nil in /var/www/html/wordpress/wp-includes/user.php on line 2508
[12-Oct-2016 07:16:52 UTC] PHP Notice:  Undefined variable: nil in /var/www/html/wordpress/wp-includes/user.php on line 2508
[12-Oct-2016 07:17:22 UTC] PHP Notice:  Undefined variable: nil in /var/www/html/wordpress/wp-includes/user.php on line 2508
[12-Oct-2016 07:17:38 UTC] PHP Notice:  Undefined variable: nil in /var/www/html/wordpress/wp-includes/user.php on line 2508
[12-Oct-2016 07:17:38 UTC] PHP Notice:  Undefined variable: nil in /var/www/html/wordpress/wp-includes/user.php on line 2508
[12-Oct-2016 07:18:38 UTC] PHP Notice:  Undefined variable: nil in /var/www/html/wordpress/wp-includes/user.php on line 2508
[12-Oct-2016 07:18:39 UTC] PHP Notice:  Undefined variable: nil in /var/www/html/wordpress/wp-includes/user.php on line 2508
[12-Oct-2016 07:19:22 UTC] PHP Notice:  Undefined variable: nil in /var/www/html/wordpress/wp-includes/user.php on line 2508
[12-Oct-2016 07:19:35 UTC] PHP Notice:  Undefined variable: nil in /var/www/html/wordpress/wp-includes/user.php on line 2508
[12-Oct-2016 07:19:36 UTC] PHP Notice:  Undefined variable: nil in /var/www/html/wordpress/wp-includes/user.php on line 2508
[12-Oct-2016 07:20:01 UTC] PHP Notice:  Undefined variable: nil in /var/www/html/wordpress/wp-includes/user.php on line 2508
[12-Oct-2016 07:20:02 UTC] PHP Notice:  Undefined variable: nil in /var/www/html/wordpress/wp-includes/user.php on line 2508
[12-Oct-2016 07:21:03 UTC] PHP Notice:  Undefined variable: nil in /var/www/html/wordpress/wp-includes/user.php on line 2508
[12-Oct-2016 07:21:22 UTC] PHP Notice:  Undefined variable: nil in /var/www/html/wordpress/wp-includes/user.php on line 2508
[12-Oct-2016 07:21:41 UTC] PHP Notice:  Undefined variable: nil in /var/www/html/wordpress/wp-includes/user.php on line 2508
[12-Oct-2016 07:21:42 UTC] PHP Notice:  Undefined variable: nil in /var/www/html/wordpress/wp-includes/user.php on line 2508
[12-Oct-2016 07:22:19 UTC] PHP Notice:  Undefined variable: nil in /var/www/html/wordpress/wp-includes/user.php on line 2508
[12-Oct-2016 07:22:29 UTC] PHP Notice:  Undefined variable: nil in /var/www/html/wordpress/wp-includes/user.php on line 2508
[12-Oct-2016 07:22:30 UTC] PHP Notice:  Undefined variable: nil in /var/www/html/wordpress/wp-includes/user.php on line 2508
[12-Oct-2016 07:23:22 UTC] PHP Notice:  Undefined variable: nil in /var/www/html/wordpress/wp-includes/user.php on line 2508
[12-Oct-2016 07:23:31 UTC] PHP Notice:  Undefined variable: nil in /var/www/html/wordpress/wp-includes/user.php on line 2508
[12-Oct-2016 07:23:35 UTC] PHP Notice:  Undefined variable: nil in /var/www/html/wordpress/wp-includes/user.php on line 2508
[12-Oct-2016 07:23:39 UTC] PHP Notice:  Undefined variable: nil in /var/www/html/wordpress/wp-includes/user.php on line 2508
[12-Oct-2016 07:23:40 UTC] PHP Notice:  Undefined variable: nil in /var/www/html/wordpress/wp-includes/user.php on line 2508
[12-Oct-2016 07:24:37 UTC] PHP Notice:  Undefined variable: nil in /var/www/html/wordpress/wp-includes/user.php on line 2508
[12-Oct-2016 07:24:40 UTC] PHP Notice:  Undefined variable: nil in /var/www/html/wordpress/wp-includes/user.php on line 2508
[12-Oct-2016 07:24:53 UTC] PHP Notice:  Undefined variable: nil in /var/www/html/wordpress/wp-includes/user.php on line 2508
[12-Oct-2016 07:24:54 UTC] PHP Notice:  Undefined variable: nil in /var/www/html/wordpress/wp-includes/user.php on line 2508
[12-Oct-2016 07:25:22 UTC] PHP Notice:  Undefined variable: nil in /var/www/html/wordpress/wp-includes/user.php on line 2508
[12-Oct-2016 07:25:22 UTC] PHP Notice:  Undefined variable: nil in /var/www/html/wordpress/wp-includes/user.php on line 2508
[12-Oct-2016 07:25:23 UTC] PHP Notice:  Undefined variable: nil in /var/www/html/wordpress/wp-includes/user.php on line 2508
[12-Oct-2016 07:26:32 UTC] PHP Notice:  Undefined variable: nil in /var/www/html/wordpress/wp-includes/user.php on line 2508
[12-Oct-2016 07:27:22 UTC] PHP Notice:  Undefined variable: nil in /var/www/html/wordpress/wp-includes/user.php on line 2508
[12-Oct-2016 07:28:07 UTC] PHP Notice:  Undefined variable: nil in /var/www/html/wordpress/wp-includes/user.php on line 2508
[12-Oct-2016 07:28:17 UTC] PHP Notice:  Undefined variable: nil in /var/www/html/wordpress/wp-includes/user.php on line 2508
[12-Oct-2016 07:28:18 UTC] PHP Notice:  Undefined variable: nil in /var/www/html/wordpress/wp-includes/user.php on line 2508
[12-Oct-2016 07:29:18 UTC] PHP Notice:  Undefined variable: nil in /var/www/html/wordpress/wp-includes/user.php on line 2508
[12-Oct-2016 07:29:22 UTC] PHP Notice:  Undefined variable: nil in /var/www/html/wordpress/wp-includes/user.php on line 2508
[12-Oct-2016 07:29:33 UTC] PHP Notice:  Undefined variable: nil in /var/www/html/wordpress/wp-includes/user.php on line 2508
[12-Oct-2016 07:29:34 UTC] PHP Notice:  Undefined variable: nil in /var/www/html/wordpress/wp-includes/user.php on line 2508
[12-Oct-2016 07:30:18 UTC] PHP Notice:  Undefined variable: nil in /var/www/html/wordpress/wp-includes/user.php on line 2508
[12-Oct-2016 07:30:19 UTC] PHP Notice:  Undefined variable: nil in /var/www/html/wordpress/wp-includes/user.php on line 2508
[12-Oct-2016 07:31:20 UTC] PHP Notice:  Undefined variable: nil in /var/www/html/wordpress/wp-includes/user.php on line 2508
[12-Oct-2016 07:31:22 UTC] PHP Notice:  Undefined variable: nil in /var/www/html/wordpress/wp-includes/user.php on line 2508
[12-Oct-2016 07:33:20 UTC] PHP Notice:  Undefined variable: nil in /var/www/html/wordpress/wp-includes/user.php on line 2508
[12-Oct-2016 07:33:22 UTC] PHP Notice:  Undefined variable: nil in /var/www/html/wordpress/wp-includes/user.php on line 2508
[12-Oct-2016 07:35:20 UTC] PHP Notice:  Undefined variable: nil in /var/www/html/wordpress/wp-includes/user.php on line 2508
[12-Oct-2016 07:35:22 UTC] PHP Notice:  Undefined variable: nil in /var/www/html/wordpress/wp-includes/user.php on line 2508
[12-Oct-2016 07:37:20 UTC] PHP Notice:  Undefined variable: nil in /var/www/html/wordpress/wp-includes/user.php on line 2508
[12-Oct-2016 07:37:22 UTC] PHP Notice:  Undefined variable: nil in /var/www/html/wordpress/wp-includes/user.php on line 2508
[12-Oct-2016 07:39:20 UTC] PHP Notice:  Undefined variable: nil in /var/www/html/wordpress/wp-includes/user.php on line 2508
[12-Oct-2016 07:39:22 UTC] PHP Notice:  Undefined variable: nil in /var/www/html/wordpress/wp-includes/user.php on line 2508
[12-Oct-2016 07:41:20 UTC] PHP Notice:  Undefined variable: nil in /var/www/html/wordpress/wp-includes/user.php on line 2508
[12-Oct-2016 07:41:22 UTC] PHP Notice:  Undefined variable: nil in /var/www/html/wordpress/wp-includes/user.php on line 2508
[12-Oct-2016 07:43:20 UTC] PHP Notice:  Undefined variable: nil in /var/www/html/wordpress/wp-includes/user.php on line 2508
[12-Oct-2016 07:43:22 UTC] PHP Notice:  Undefined variable: nil in /var/www/html/wordpress/wp-includes/user.php on line 2508
[12-Oct-2016 07:45:20 UTC] PHP Notice:  Undefined variable: nil in /var/www/html/wordpress/wp-includes/user.php on line 2508
[12-Oct-2016 07:45:22 UTC] PHP Notice:  Undefined variable: nil in /var/www/html/wordpress/wp-includes/user.php on line 2508
[12-Oct-2016 07:47:20 UTC] PHP Notice:  Undefined variable: nil in /var/www/html/wordpress/wp-includes/user.php on line 2508
[12-Oct-2016 07:47:22 UTC] PHP Notice:  Undefined variable: nil in /var/www/html/wordpress/wp-includes/user.php on line 2508
[12-Oct-2016 07:49:20 UTC] PHP Notice:  Undefined variable: nil in /var/www/html/wordpress/wp-includes/user.php on line 2508
[12-Oct-2016 07:49:22 UTC] PHP Notice:  Undefined variable: nil in /var/www/html/wordpress/wp-includes/user.php on line 2508
[12-Oct-2016 07:51:20 UTC] PHP Notice:  Undefined variable: nil in /var/www/html/wordpress/wp-includes/user.php on line 2508
[12-Oct-2016 07:51:22 UTC] PHP Notice:  Undefined variable: nil in /var/www/html/wordpress/wp-includes/user.php on line 2508
[12-Oct-2016 07:53:20 UTC] PHP Notice:  Undefined variable: nil in /var/www/html/wordpress/wp-includes/user.php on line 2508
[12-Oct-2016 07:53:22 UTC] PHP Notice:  Undefined variable: nil in /var/www/html/wordpress/wp-includes/user.php on line 2508
[12-Oct-2016 07:55:20 UTC] PHP Notice:  Undefined variable: nil in /var/www/html/wordpress/wp-includes/user.php on line 2508
[12-Oct-2016 07:55:22 UTC] PHP Notice:  Undefined variable: nil in /var/www/html/wordpress/wp-includes/user.php on line 2508
[12-Oct-2016 07:57:20 UTC] PHP Notice:  Undefined variable: nil in /var/www/html/wordpress/wp-includes/user.php on line 2508
[12-Oct-2016 07:57:22 UTC] PHP Notice:  Undefined variable: nil in /var/www/html/wordpress/wp-includes/user.php on line 2508
[12-Oct-2016 07:59:20 UTC] PHP Notice:  Undefined variable: nil in /var/www/html/wordpress/wp-includes/user.php on line 2508
[12-Oct-2016 07:59:22 UTC] PHP Notice:  Undefined variable: nil in /var/www/html/wordpress/wp-includes/user.php on line 2508
[12-Oct-2016 08:01:20 UTC] PHP Notice:  Undefined variable: nil in /var/www/html/wordpress/wp-includes/user.php on line 2508
[12-Oct-2016 08:01:22 UTC] PHP Notice:  Undefined variable: nil in /var/www/html/wordpress/wp-includes/user.php on line 2508
[12-Oct-2016 08:03:20 UTC] PHP Notice:  Undefined variable: nil in /var/www/html/wordpress/wp-includes/user.php on line 2508
[12-Oct-2016 08:03:22 UTC] PHP Notice:  Undefined variable: nil in /var/www/html/wordpress/wp-includes/user.php on line 2508
[12-Oct-2016 08:05:20 UTC] PHP Notice:  Undefined variable: nil in /var/www/html/wordpress/wp-includes/user.php on line 2508
[12-Oct-2016 08:05:22 UTC] PHP Notice:  Undefined variable: nil in /var/www/html/wordpress/wp-includes/user.php on line 2508
[12-Oct-2016 08:06:15 UTC] PHP Notice:  Undefined variable: nil in /var/www/html/wordpress/wp-includes/user.php on line 2508
[12-Oct-2016 08:06:18 UTC] PHP Notice:  Undefined variable: nil in /var/www/html/wordpress/wp-includes/user.php on line 2508
[12-Oct-2016 08:06:21 UTC] PHP Notice:  Undefined variable: nil in /var/www/html/wordpress/wp-includes/user.php on line 2508
[12-Oct-2016 08:06:32 UTC] PHP Notice:  Undefined variable: nil in /var/www/html/wordpress/wp-includes/user.php on line 2508
[12-Oct-2016 08:06:33 UTC] PHP Notice:  Undefined variable: nil in /var/www/html/wordpress/wp-includes/user.php on line 2508
[12-Oct-2016 08:06:51 UTC] PHP Notice:  Undefined variable: nil in /var/www/html/wordpress/wp-includes/user.php on line 2508
[12-Oct-2016 08:06:54 UTC] PHP Notice:  Undefined variable: nil in /var/www/html/wordpress/wp-includes/user.php on line 2508
[12-Oct-2016 08:07:22 UTC] PHP Notice:  Undefined variable: nil in /var/www/html/wordpress/wp-includes/user.php on line 2508
[12-Oct-2016 08:07:49 UTC] PHP Notice:  Undefined variable: nil in /var/www/html/wordpress/wp-includes/user.php on line 2508
[12-Oct-2016 08:07:49 UTC] PHP Notice:  Undefined variable: nil in /var/www/html/wordpress/wp-includes/user.php on line 2508
[12-Oct-2016 08:08:39 UTC] PHP Notice:  Undefined variable: nil in /var/www/html/wordpress/wp-includes/user.php on line 2508
[12-Oct-2016 08:08:40 UTC] PHP Notice:  Undefined variable: nil in /var/www/html/wordpress/wp-includes/user.php on line 2508
[12-Oct-2016 08:08:56 UTC] PHP Notice:  Undefined variable: nil in /var/www/html/wordpress/wp-includes/user.php on line 2508
[12-Oct-2016 08:08:57 UTC] PHP Notice:  Undefined variable: nil in /var/www/html/wordpress/wp-includes/user.php on line 2508
[12-Oct-2016 08:09:22 UTC] PHP Notice:  Undefined variable: nil in /var/www/html/wordpress/wp-includes/user.php on line 2508
[12-Oct-2016 08:09:26 UTC] PHP Notice:  Undefined variable: nil in /var/www/html/wordpress/wp-includes/user.php on line 2508
[12-Oct-2016 08:09:27 UTC] PHP Notice:  Undefined variable: nil in /var/www/html/wordpress/wp-includes/user.php on line 2508
[12-Oct-2016 08:10:28 UTC] PHP Notice:  Undefined variable: nil in /var/www/html/wordpress/wp-includes/user.php on line 2508
[12-Oct-2016 08:11:22 UTC] PHP Notice:  Undefined variable: nil in /var/www/html/wordpress/wp-includes/user.php on line 2508
[12-Oct-2016 08:11:28 UTC] PHP Notice:  Undefined variable: nil in /var/www/html/wordpress/wp-includes/user.php on line 2508
[12-Oct-2016 08:12:28 UTC] PHP Notice:  Undefined variable: nil in /var/www/html/wordpress/wp-includes/user.php on line 2508
[12-Oct-2016 08:13:22 UTC] PHP Notice:  Undefined variable: nil in /var/www/html/wordpress/wp-includes/user.php on line 2508
[12-Oct-2016 08:13:28 UTC] PHP Notice:  Undefined variable: nil in /var/www/html/wordpress/wp-includes/user.php on line 2508
[12-Oct-2016 08:14:28 UTC] PHP Notice:  Undefined variable: nil in /var/www/html/wordpress/wp-includes/user.php on line 2508
[12-Oct-2016 08:15:22 UTC] PHP Notice:  Undefined variable: nil in /var/www/html/wordpress/wp-includes/user.php on line 2508
[12-Oct-2016 08:15:28 UTC] PHP Notice:  Undefined variable: nil in /var/www/html/wordpress/wp-includes/user.php on line 2508
[12-Oct-2016 08:16:28 UTC] PHP Notice:  Undefined variable: nil in /var/www/html/wordpress/wp-includes/user.php on line 2508
[12-Oct-2016 08:16:55 UTC] PHP Notice:  Undefined variable: nil in /var/www/html/wordpress/wp-includes/user.php on line 2508
[12-Oct-2016 08:17:22 UTC] PHP Notice:  Undefined variable: nil in /var/www/html/wordpress/wp-includes/user.php on line 2508
[12-Oct-2016 08:17:55 UTC] PHP Notice:  Undefined variable: nil in /var/www/html/wordpress/wp-includes/user.php on line 2508
[12-Oct-2016 08:18:39 UTC] PHP Notice:  Undefined variable: nil in /var/www/html/wordpress/wp-includes/user.php on line 2508
[12-Oct-2016 08:18:40 UTC] PHP Notice:  Undefined variable: nil in /var/www/html/wordpress/wp-includes/user.php on line 2508
[12-Oct-2016 08:19:22 UTC] PHP Notice:  Undefined variable: nil in /var/www/html/wordpress/wp-includes/user.php on line 2508
[12-Oct-2016 08:19:41 UTC] PHP Notice:  Undefined variable: nil in /var/www/html/wordpress/wp-includes/user.php on line 2508
[12-Oct-2016 08:20:39 UTC] PHP Notice:  Undefined variable: nil in /var/www/html/wordpress/wp-includes/user.php on line 2508
[12-Oct-2016 08:20:40 UTC] PHP Notice:  Undefined variable: nil in /var/www/html/wordpress/wp-includes/user.php on line 2508
[12-Oct-2016 08:21:11 UTC] PHP Notice:  Undefined variable: nil in /var/www/html/wordpress/wp-includes/user.php on line 2508
[12-Oct-2016 08:21:12 UTC] PHP Notice:  Undefined variable: nil in /var/www/html/wordpress/wp-includes/user.php on line 2508
[12-Oct-2016 08:21:16 UTC] PHP Notice:  Undefined variable: nil in /var/www/html/wordpress/wp-includes/user.php on line 2508
[12-Oct-2016 08:21:18 UTC] PHP Notice:  Undefined variable: nil in /var/www/html/wordpress/wp-includes/user.php on line 2508
[12-Oct-2016 08:21:19 UTC] PHP Notice:  Undefined variable: nil in /var/www/html/wordpress/wp-includes/user.php on line 2508
[12-Oct-2016 08:21:22 UTC] PHP Notice:  Undefined variable: nil in /var/www/html/wordpress/wp-includes/user.php on line 2508
[12-Oct-2016 08:21:23 UTC] PHP Notice:  Undefined variable: nil in /var/www/html/wordpress/wp-includes/user.php on line 2508
[12-Oct-2016 08:21:26 UTC] PHP Notice:  Undefined variable: nil in /var/www/html/wordpress/wp-includes/user.php on line 2508
[12-Oct-2016 08:21:26 UTC] PHP Notice:  Undefined variable: nil in /var/www/html/wordpress/wp-includes/user.php on line 2508
[12-Oct-2016 08:21:26 UTC] PHP Notice:  Trying to get property of non-object in /var/www/html/wordpress/wp-admin/users.php on line 255
[12-Oct-2016 08:21:27 UTC] PHP Notice:  Undefined variable: nil in /var/www/html/wordpress/wp-includes/user.php on line 2508
[12-Oct-2016 08:21:27 UTC] PHP Notice:  Trying to get property of non-object in /var/www/html/wordpress/wp-admin/users.php on line 255
[12-Oct-2016 08:21:28 UTC] PHP Notice:  Undefined variable: nil in /var/www/html/wordpress/wp-includes/user.php on line 2508
[12-Oct-2016 08:22:00 UTC] PHP Notice:  Undefined variable: nil in /var/www/html/wordpress/wp-includes/user.php on line 2508
[12-Oct-2016 08:22:01 UTC] PHP Notice:  Undefined variable: nil in /var/www/html/wordpress/wp-includes/user.php on line 2508
[12-Oct-2016 08:22:05 UTC] PHP Notice:  Undefined variable: nil in /var/www/html/wordpress/wp-includes/user.php on line 2508
[12-Oct-2016 08:23:06 UTC] PHP Notice:  Undefined variable: nil in /var/www/html/wordpress/wp-includes/user.php on line 2508
[12-Oct-2016 08:23:22 UTC] PHP Notice:  Undefined variable: nil in /var/www/html/wordpress/wp-includes/user.php on line 2508
[12-Oct-2016 08:25:06 UTC] PHP Notice:  Undefined variable: nil in /var/www/html/wordpress/wp-includes/user.php on line 2508
[12-Oct-2016 08:25:22 UTC] PHP Notice:  Undefined variable: nil in /var/www/html/wordpress/wp-includes/user.php on line 2508
[12-Oct-2016 08:26:07 UTC] PHP Notice:  Undefined variable: nil in /var/www/html/wordpress/wp-includes/user.php on line 2508
[12-Oct-2016 08:27:22 UTC] PHP Notice:  Undefined variable: nil in /var/www/html/wordpress/wp-includes/user.php on line 2508
[12-Oct-2016 08:28:08 UTC] PHP Notice:  Undefined variable: nil in /var/www/html/wordpress/wp-includes/user.php on line 2508
[12-Oct-2016 08:29:22 UTC] PHP Notice:  Undefined variable: nil in /var/www/html/wordpress/wp-includes/user.php on line 2508
[12-Oct-2016 08:30:07 UTC] PHP Notice:  Undefined variable: nil in /var/www/html/wordpress/wp-includes/user.php on line 2508
[12-Oct-2016 08:31:22 UTC] PHP Notice:  Undefined variable: nil in /var/www/html/wordpress/wp-includes/user.php on line 2508
[12-Oct-2016 08:32:07 UTC] PHP Notice:  Undefined variable: nil in /var/www/html/wordpress/wp-includes/user.php on line 2508
[12-Oct-2016 08:33:07 UTC] PHP Notice:  Undefined variable: nil in /var/www/html/wordpress/wp-includes/user.php on line 2508
[12-Oct-2016 08:33:22 UTC] PHP Notice:  Undefined variable: nil in /var/www/html/wordpress/wp-includes/user.php on line 2508
[12-Oct-2016 08:35:07 UTC] PHP Notice:  Undefined variable: nil in /var/www/html/wordpress/wp-includes/user.php on line 2508
[12-Oct-2016 08:35:22 UTC] PHP Notice:  Undefined variable: nil in /var/www/html/wordpress/wp-includes/user.php on line 2508
[12-Oct-2016 08:35:56 UTC] PHP Notice:  Undefined variable: nil in /var/www/html/wordpress/wp-includes/user.php on line 2508
[12-Oct-2016 08:35:57 UTC] PHP Notice:  Undefined variable: nil in /var/www/html/wordpress/wp-includes/user.php on line 2508
[12-Oct-2016 08:36:58 UTC] PHP Notice:  Undefined variable: nil in /var/www/html/wordpress/wp-includes/user.php on line 2508
[12-Oct-2016 08:37:22 UTC] PHP Notice:  Undefined variable: nil in /var/www/html/wordpress/wp-includes/user.php on line 2508
[12-Oct-2016 08:38:24 UTC] PHP Notice:  Undefined variable: nil in /var/www/html/wordpress/wp-includes/user.php on line 2508
[12-Oct-2016 08:38:34 UTC] PHP Notice:  Undefined variable: nil in /var/www/html/wordpress/wp-includes/user.php on line 2508
[12-Oct-2016 08:38:36 UTC] PHP Notice:  Undefined variable: nil in /var/www/html/wordpress/wp-includes/user.php on line 2508
[12-Oct-2016 08:38:36 UTC] PHP Catchable fatal error:  Object of class QM_DB could not be converted to string in /var/www/html/wordpress/wp-includes/user.php on line 1389
[12-Oct-2016 08:39:06 UTC] PHP Notice:  Undefined variable: nil in /var/www/html/wordpress/wp-includes/user.php on line 2508
[12-Oct-2016 08:39:12 UTC] PHP Notice:  Undefined variable: nil in /var/www/html/wordpress/wp-includes/user.php on line 2508
[12-Oct-2016 08:39:13 UTC] PHP Warning:  Cannot modify header information - headers already sent by (output started at /var/www/html/wordpress/wp-includes/user.php:1389) in /var/www/html/wordpress/wp-includes/pluggable.php on line 1174
[12-Oct-2016 08:39:22 UTC] PHP Notice:  Undefined variable: nil in /var/www/html/wordpress/wp-includes/user.php on line 2508
[12-Oct-2016 08:39:59 UTC] PHP Notice:  Undefined variable: nil in /var/www/html/wordpress/wp-includes/user.php on line 2508
[12-Oct-2016 08:40:05 UTC] PHP Notice:  Undefined variable: nil in /var/www/html/wordpress/wp-includes/user.php on line 2508
[12-Oct-2016 08:40:06 UTC] PHP Notice:  Undefined variable: nil in /var/www/html/wordpress/wp-includes/user.php on line 2508
[12-Oct-2016 08:40:31 UTC] PHP Notice:  Undefined variable: nil in /var/www/html/wordpress/wp-includes/user.php on line 2508
[12-Oct-2016 08:40:33 UTC] PHP Notice:  Undefined variable: nil in /var/www/html/wordpress/wp-includes/user.php on line 2508
[12-Oct-2016 08:40:34 UTC] PHP Notice:  Undefined variable: nil in /var/www/html/wordpress/wp-includes/user.php on line 2508
[12-Oct-2016 08:41:15 UTC] PHP Parse error:  syntax error, unexpected '.' in /var/www/html/wordpress/wp-includes/user.php on line 1394
[12-Oct-2016 08:41:22 UTC] PHP Parse error:  syntax error, unexpected '.' in /var/www/html/wordpress/wp-includes/user.php on line 1394
[12-Oct-2016 08:41:26 UTC] PHP Notice:  Undefined variable: nil in /var/www/html/wordpress/wp-includes/user.php on line 2508
[12-Oct-2016 08:41:29 UTC] PHP Notice:  Undefined variable: nil in /var/www/html/wordpress/wp-includes/user.php on line 2508
[12-Oct-2016 08:41:30 UTC] PHP Notice:  Undefined variable: nil in /var/www/html/wordpress/wp-includes/user.php on line 2508
[12-Oct-2016 08:41:50 UTC] PHP Notice:  Undefined variable: nil in /var/www/html/wordpress/wp-includes/user.php on line 2508
[12-Oct-2016 08:42:10 UTC] PHP Notice:  Undefined variable: nil in /var/www/html/wordpress/wp-includes/user.php on line 2508
[12-Oct-2016 08:42:10 UTC] PHP Fatal error:  Cannot use object of type stdClass as array in /var/www/html/wordpress/wp-includes/user.php on line 1397
[12-Oct-2016 08:42:22 UTC] PHP Notice:  Undefined variable: nil in /var/www/html/wordpress/wp-includes/user.php on line 2508
[12-Oct-2016 08:42:57 UTC] PHP Notice:  Undefined variable: nil in /var/www/html/wordpress/wp-includes/user.php on line 2508
[12-Oct-2016 08:43:00 UTC] PHP Notice:  Undefined variable: nil in /var/www/html/wordpress/wp-includes/user.php on line 2508
[12-Oct-2016 08:43:01 UTC] PHP Notice:  Undefined variable: nil in /var/www/html/wordpress/wp-includes/user.php on line 2508
[12-Oct-2016 08:43:33 UTC] PHP Notice:  Undefined variable: nil in /var/www/html/wordpress/wp-includes/user.php on line 2508
[12-Oct-2016 08:43:35 UTC] PHP Notice:  Undefined variable: nil in /var/www/html/wordpress/wp-includes/user.php on line 2508
[12-Oct-2016 08:43:35 UTC] PHP Notice:  Undefined index: ID in /var/www/html/wordpress/wp-includes/user.php on line 1394
[12-Oct-2016 08:43:36 UTC] PHP Notice:  Undefined variable: nil in /var/www/html/wordpress/wp-includes/user.php on line 2508
[12-Oct-2016 08:44:22 UTC] PHP Notice:  Undefined variable: nil in /var/www/html/wordpress/wp-includes/user.php on line 2508
[12-Oct-2016 08:44:37 UTC] PHP Notice:  Undefined variable: nil in /var/www/html/wordpress/wp-includes/user.php on line 2508
[12-Oct-2016 08:44:52 UTC] PHP Notice:  Undefined variable: nil in /var/www/html/wordpress/wp-includes/user.php on line 2508
[12-Oct-2016 08:44:54 UTC] PHP Notice:  Undefined variable: nil in /var/www/html/wordpress/wp-includes/user.php on line 2508
[12-Oct-2016 08:44:54 UTC] PHP Fatal error:  Cannot use object of type stdClass as array in /var/www/html/wordpress/wp-includes/user.php on line 1389
[12-Oct-2016 08:46:08 UTC] PHP Notice:  Undefined variable: nil in /var/www/html/wordpress/wp-includes/user.php on line 2508
[12-Oct-2016 08:46:19 UTC] PHP Notice:  Undefined variable: nil in /var/www/html/wordpress/wp-includes/user.php on line 2508
[12-Oct-2016 08:46:19 UTC] PHP Notice:  Undefined variable: nil in /var/www/html/wordpress/wp-includes/user.php on line 2508
[12-Oct-2016 08:46:22 UTC] PHP Notice:  Undefined variable: nil in /var/www/html/wordpress/wp-includes/user.php on line 2508
[12-Oct-2016 08:46:38 UTC] PHP Notice:  Undefined variable: nil in /var/www/html/wordpress/wp-includes/user.php on line 2508
[12-Oct-2016 08:46:40 UTC] PHP Notice:  Undefined variable: nil in /var/www/html/wordpress/wp-includes/user.php on line 2508
[12-Oct-2016 08:46:41 UTC] PHP Notice:  Undefined variable: nil in /var/www/html/wordpress/wp-includes/user.php on line 2508
[12-Oct-2016 08:47:18 UTC] PHP Notice:  Undefined variable: nil in /var/www/html/wordpress/wp-includes/user.php on line 2507
[12-Oct-2016 08:47:22 UTC] PHP Notice:  Undefined variable: nil in /var/www/html/wordpress/wp-includes/user.php on line 2507
[12-Oct-2016 08:47:22 UTC] PHP Fatal error:  Cannot use object of type stdClass as array in /var/www/html/wordpress/wp-includes/user.php on line 1396
[12-Oct-2016 08:47:34 UTC] PHP Notice:  Undefined variable: nil in /var/www/html/wordpress/wp-includes/user.php on line 2507
[12-Oct-2016 08:47:40 UTC] PHP Notice:  Undefined variable: nil in /var/www/html/wordpress/wp-includes/user.php on line 2507
[12-Oct-2016 08:47:41 UTC] PHP Notice:  Undefined variable: nil in /var/www/html/wordpress/wp-includes/user.php on line 2507
[12-Oct-2016 08:47:58 UTC] PHP Notice:  Undefined variable: nil in /var/www/html/wordpress/wp-includes/user.php on line 2507
[12-Oct-2016 08:48:00 UTC] PHP Notice:  Undefined variable: nil in /var/www/html/wordpress/wp-includes/user.php on line 2507
[12-Oct-2016 08:48:00 UTC] PHP Fatal error:  Cannot use object of type stdClass as array in /var/www/html/wordpress/wp-includes/user.php on line 1396
[12-Oct-2016 08:48:22 UTC] PHP Notice:  Undefined variable: nil in /var/www/html/wordpress/wp-includes/user.php on line 2508
[12-Oct-2016 08:49:00 UTC] PHP Notice:  Undefined variable: nil in /var/www/html/wordpress/wp-includes/user.php on line 2508
[12-Oct-2016 08:49:02 UTC] PHP Notice:  Undefined variable: nil in /var/www/html/wordpress/wp-includes/user.php on line 2508
[12-Oct-2016 08:49:02 UTC] PHP Notice:  Undefined index: ID in /var/www/html/wordpress/wp-includes/user.php on line 1391
[12-Oct-2016 08:49:03 UTC] PHP Notice:  Undefined variable: nil in /var/www/html/wordpress/wp-includes/user.php on line 2508
[12-Oct-2016 08:49:22 UTC] PHP Notice:  Undefined variable: nil in /var/www/html/wordpress/wp-includes/user.php on line 2508
[12-Oct-2016 08:49:24 UTC] PHP Notice:  Undefined variable: nil in /var/www/html/wordpress/wp-includes/user.php on line 2508
[12-Oct-2016 08:49:29 UTC] PHP Notice:  Undefined variable: nil in /var/www/html/wordpress/wp-includes/user.php on line 2508
[12-Oct-2016 08:49:29 UTC] PHP Notice:  Trying to get property of non-object in /var/www/html/wordpress/wp-includes/pluggable.php on line 1723
[12-Oct-2016 08:49:29 UTC] PHP Notice:  Trying to get property of non-object in /var/www/html/wordpress/wp-includes/pluggable.php on line 1724
[12-Oct-2016 08:49:29 UTC] PHP Notice:  Trying to get property of non-object in /var/www/html/wordpress/wp-includes/pluggable.php on line 1738
[12-Oct-2016 08:49:29 UTC] PHP Notice:  Trying to get property of non-object in /var/www/html/wordpress/wp-includes/pluggable.php on line 1746
[12-Oct-2016 08:49:29 UTC] PHP Notice:  Trying to get property of non-object in /var/www/html/wordpress/wp-includes/pluggable.php on line 1748
[12-Oct-2016 08:49:29 UTC] PHP Notice:  Trying to get property of non-object in /var/www/html/wordpress/wp-includes/pluggable.php on line 1750
[12-Oct-2016 08:49:29 UTC] PHP Notice:  Trying to get property of non-object in /var/www/html/wordpress/wp-includes/pluggable.php on line 1754
[12-Oct-2016 08:49:29 UTC] PHP Notice:  Undefined variable: nil in /var/www/html/wordpress/wp-includes/user.php on line 2508
[12-Oct-2016 08:49:36 UTC] PHP Notice:  Undefined variable: nil in /var/www/html/wordpress/wp-includes/user.php on line 2508
[12-Oct-2016 08:49:36 UTC] PHP Notice:  Trying to get property of non-object in /var/www/html/wordpress/wp-includes/pluggable.php on line 1723
[12-Oct-2016 08:49:36 UTC] PHP Notice:  Trying to get property of non-object in /var/www/html/wordpress/wp-includes/pluggable.php on line 1724
[12-Oct-2016 08:49:36 UTC] PHP Notice:  Trying to get property of non-object in /var/www/html/wordpress/wp-includes/pluggable.php on line 1738
[12-Oct-2016 08:49:36 UTC] PHP Notice:  Trying to get property of non-object in /var/www/html/wordpress/wp-includes/pluggable.php on line 1746
[12-Oct-2016 08:49:36 UTC] PHP Notice:  Trying to get property of non-object in /var/www/html/wordpress/wp-includes/pluggable.php on line 1748
[12-Oct-2016 08:49:36 UTC] PHP Notice:  Trying to get property of non-object in /var/www/html/wordpress/wp-includes/pluggable.php on line 1750
[12-Oct-2016 08:49:36 UTC] PHP Notice:  Trying to get property of non-object in /var/www/html/wordpress/wp-includes/pluggable.php on line 1754
[12-Oct-2016 08:49:36 UTC] PHP Notice:  Undefined variable: nil in /var/www/html/wordpress/wp-includes/user.php on line 2508
[12-Oct-2016 08:50:22 UTC] PHP Notice:  Undefined variable: nil in /var/www/html/wordpress/wp-includes/user.php on line 2508
[12-Oct-2016 08:50:37 UTC] PHP Notice:  Undefined variable: nil in /var/www/html/wordpress/wp-includes/user.php on line 2508
[12-Oct-2016 08:50:57 UTC] PHP Notice:  Undefined variable: nil in /var/www/html/wordpress/wp-includes/user.php on line 2508
[12-Oct-2016 08:50:59 UTC] PHP Notice:  Undefined variable: nil in /var/www/html/wordpress/wp-includes/user.php on line 2508
[12-Oct-2016 08:51:02 UTC] PHP Notice:  Undefined variable: nil in /var/www/html/wordpress/wp-includes/user.php on line 2508
[12-Oct-2016 08:51:02 UTC] PHP Notice:  Array to string conversion in /var/www/html/wordpress/wp-includes/user.php on line 1389
[12-Oct-2016 08:51:03 UTC] PHP Notice:  Undefined variable: nil in /var/www/html/wordpress/wp-includes/user.php on line 2508
[12-Oct-2016 08:51:43 UTC] PHP Notice:  Undefined variable: nil in /var/www/html/wordpress/wp-includes/user.php on line 2508
[12-Oct-2016 08:51:43 UTC] PHP Notice:  Array to string conversion in /var/www/html/wordpress/wp-includes/user.php on line 1389
[12-Oct-2016 08:51:44 UTC] PHP Notice:  Undefined variable: nil in /var/www/html/wordpress/wp-includes/user.php on line 2508
[12-Oct-2016 08:52:30 UTC] PHP Notice:  Undefined variable: nil in /var/www/html/wordpress/wp-includes/user.php on line 2508
[12-Oct-2016 08:52:31 UTC] PHP Notice:  Undefined variable: nil in /var/www/html/wordpress/wp-includes/user.php on line 2508
[12-Oct-2016 08:53:08 UTC] PHP Parse error:  syntax error, unexpected ';' in /var/www/html/wordpress/wp-includes/user.php on line 1389
[12-Oct-2016 08:53:29 UTC] PHP Notice:  Undefined variable: nil in /var/www/html/wordpress/wp-includes/user.php on line 2508
[12-Oct-2016 08:53:29 UTC] PHP Warning:  Cannot modify header information - headers already sent by (output started at /var/www/html/wordpress/wp-includes/user.php:1389) in /var/www/html/wordpress/wp-includes/pluggable.php on line 1174
[12-Oct-2016 08:56:08 UTC] PHP Notice:  Undefined variable: nil in /var/www/html/wordpress/wp-includes/user.php on line 2508
[12-Oct-2016 08:56:08 UTC] PHP Notice:  Trying to get property of non-object in /var/www/html/wordpress/wp-includes/pluggable.php on line 1723
[12-Oct-2016 08:56:08 UTC] PHP Notice:  Trying to get property of non-object in /var/www/html/wordpress/wp-includes/pluggable.php on line 1724
[12-Oct-2016 08:56:08 UTC] PHP Notice:  Trying to get property of non-object in /var/www/html/wordpress/wp-includes/pluggable.php on line 1738
[12-Oct-2016 08:56:08 UTC] PHP Notice:  Trying to get property of non-object in /var/www/html/wordpress/wp-includes/pluggable.php on line 1746
[12-Oct-2016 08:56:08 UTC] PHP Notice:  Trying to get property of non-object in /var/www/html/wordpress/wp-includes/pluggable.php on line 1748
[12-Oct-2016 08:56:08 UTC] PHP Notice:  Trying to get property of non-object in /var/www/html/wordpress/wp-includes/pluggable.php on line 1750
[12-Oct-2016 08:56:08 UTC] PHP Notice:  Trying to get property of non-object in /var/www/html/wordpress/wp-includes/pluggable.php on line 1754
[12-Oct-2016 08:56:08 UTC] PHP Warning:  Cannot modify header information - headers already sent by (output started at /var/www/html/wordpress/wp-includes/user.php:1389) in /var/www/html/wordpress/wp-includes/pluggable.php on line 1174
[12-Oct-2016 08:56:24 UTC] PHP Notice:  Undefined variable: nil in /var/www/html/wordpress/wp-includes/user.php on line 2508
[12-Oct-2016 08:57:24 UTC] PHP Notice:  Undefined variable: nil in /var/www/html/wordpress/wp-includes/user.php on line 2508
[12-Oct-2016 08:58:06 UTC] PHP Notice:  Undefined variable: nil in /var/www/html/wordpress/wp-includes/user.php on line 2507
[12-Oct-2016 08:58:10 UTC] PHP Notice:  Undefined variable: nil in /var/www/html/wordpress/wp-includes/user.php on line 2507
[12-Oct-2016 08:58:10 UTC] PHP Notice:  Trying to get property of non-object in /var/www/html/wordpress/wp-includes/pluggable.php on line 1723
[12-Oct-2016 08:58:10 UTC] PHP Notice:  Trying to get property of non-object in /var/www/html/wordpress/wp-includes/pluggable.php on line 1724
[12-Oct-2016 08:58:10 UTC] PHP Notice:  Trying to get property of non-object in /var/www/html/wordpress/wp-includes/pluggable.php on line 1738
[12-Oct-2016 08:58:10 UTC] PHP Notice:  Trying to get property of non-object in /var/www/html/wordpress/wp-includes/pluggable.php on line 1746
[12-Oct-2016 08:58:10 UTC] PHP Notice:  Trying to get property of non-object in /var/www/html/wordpress/wp-includes/pluggable.php on line 1748
[12-Oct-2016 08:58:10 UTC] PHP Notice:  Trying to get property of non-object in /var/www/html/wordpress/wp-includes/pluggable.php on line 1750
[12-Oct-2016 08:58:10 UTC] PHP Notice:  Trying to get property of non-object in /var/www/html/wordpress/wp-includes/pluggable.php on line 1754
[12-Oct-2016 08:58:10 UTC] PHP Notice:  Undefined variable: nil in /var/www/html/wordpress/wp-includes/user.php on line 2507
[12-Oct-2016 08:58:18 UTC] PHP Notice:  Undefined variable: nil in /var/www/html/wordpress/wp-includes/user.php on line 2507
[12-Oct-2016 08:58:26 UTC] PHP Notice:  Undefined variable: nil in /var/www/html/wordpress/wp-includes/user.php on line 2507
[12-Oct-2016 08:58:26 UTC] PHP Notice:  Trying to get property of non-object in /var/www/html/wordpress/wp-includes/pluggable.php on line 1723
[12-Oct-2016 08:58:26 UTC] PHP Notice:  Trying to get property of non-object in /var/www/html/wordpress/wp-includes/pluggable.php on line 1724
[12-Oct-2016 08:58:26 UTC] PHP Notice:  Trying to get property of non-object in /var/www/html/wordpress/wp-includes/pluggable.php on line 1738
[12-Oct-2016 08:58:26 UTC] PHP Notice:  Trying to get property of non-object in /var/www/html/wordpress/wp-includes/pluggable.php on line 1746
[12-Oct-2016 08:58:26 UTC] PHP Notice:  Trying to get property of non-object in /var/www/html/wordpress/wp-includes/pluggable.php on line 1748
[12-Oct-2016 08:58:26 UTC] PHP Notice:  Trying to get property of non-object in /var/www/html/wordpress/wp-includes/pluggable.php on line 1750
[12-Oct-2016 08:58:26 UTC] PHP Notice:  Trying to get property of non-object in /var/www/html/wordpress/wp-includes/pluggable.php on line 1754
[12-Oct-2016 08:58:26 UTC] PHP Notice:  Undefined variable: nil in /var/www/html/wordpress/wp-includes/user.php on line 2507
[12-Oct-2016 08:59:27 UTC] PHP Notice:  Undefined variable: nil in /var/www/html/wordpress/wp-includes/user.php on line 2507
[12-Oct-2016 09:00:27 UTC] PHP Notice:  Undefined variable: nil in /var/www/html/wordpress/wp-includes/user.php on line 2507
[12-Oct-2016 09:01:27 UTC] PHP Notice:  Undefined variable: nil in /var/www/html/wordpress/wp-includes/user.php on line 2507
[12-Oct-2016 09:02:12 UTC] PHP Notice:  Undefined variable: nil in /var/www/html/wordpress/wp-includes/user.php on line 2507
[12-Oct-2016 09:02:12 UTC] PHP Parse error:  syntax error, unexpected '$notify' (T_VARIABLE) in /var/www/html/wordpress/wp-admin/includes/user.php on line 185
[12-Oct-2016 09:02:28 UTC] PHP Notice:  Undefined variable: nil in /var/www/html/wordpress/wp-includes/user.php on line 2507
[12-Oct-2016 09:02:32 UTC] PHP Notice:  Undefined variable: nil in /var/www/html/wordpress/wp-includes/user.php on line 2507
[12-Oct-2016 09:02:47 UTC] PHP Notice:  Undefined variable: nil in /var/www/html/wordpress/wp-includes/user.php on line 2507
[12-Oct-2016 09:02:47 UTC] PHP Notice:  Trying to get property of non-object in /var/www/html/wordpress/wp-includes/pluggable.php on line 1723
[12-Oct-2016 09:02:47 UTC] PHP Notice:  Trying to get property of non-object in /var/www/html/wordpress/wp-includes/pluggable.php on line 1724
[12-Oct-2016 09:02:47 UTC] PHP Notice:  Trying to get property of non-object in /var/www/html/wordpress/wp-includes/pluggable.php on line 1738
[12-Oct-2016 09:02:47 UTC] PHP Notice:  Trying to get property of non-object in /var/www/html/wordpress/wp-includes/pluggable.php on line 1746
[12-Oct-2016 09:02:47 UTC] PHP Notice:  Trying to get property of non-object in /var/www/html/wordpress/wp-includes/pluggable.php on line 1748
[12-Oct-2016 09:02:47 UTC] PHP Notice:  Trying to get property of non-object in /var/www/html/wordpress/wp-includes/pluggable.php on line 1750
[12-Oct-2016 09:02:47 UTC] PHP Notice:  Trying to get property of non-object in /var/www/html/wordpress/wp-includes/pluggable.php on line 1754
[12-Oct-2016 09:02:47 UTC] PHP Notice:  Undefined variable: nil in /var/www/html/wordpress/wp-includes/user.php on line 2507
[12-Oct-2016 09:03:48 UTC] PHP Notice:  Undefined variable: nil in /var/www/html/wordpress/wp-includes/user.php on line 2507
[12-Oct-2016 09:04:18 UTC] PHP Notice:  Undefined variable: nil in /var/www/html/wordpress/wp-includes/user.php on line 2507
[12-Oct-2016 09:04:20 UTC] PHP Notice:  Undefined variable: nil in /var/www/html/wordpress/wp-includes/user.php on line 2507
[12-Oct-2016 09:04:20 UTC] PHP Notice:  Undefined variable: nil in /var/www/html/wordpress/wp-includes/user.php on line 2507
[12-Oct-2016 09:05:06 UTC] PHP Notice:  Undefined variable: nil in /var/www/html/wordpress/wp-includes/user.php on line 2507
[12-Oct-2016 09:05:08 UTC] PHP Notice:  Undefined variable: nil in /var/www/html/wordpress/wp-includes/user.php on line 2507
[12-Oct-2016 09:05:09 UTC] PHP Notice:  Undefined variable: nil in /var/www/html/wordpress/wp-includes/user.php on line 2507
[12-Oct-2016 09:06:10 UTC] PHP Notice:  Undefined variable: nil in /var/www/html/wordpress/wp-includes/user.php on line 2507
[12-Oct-2016 09:06:32 UTC] PHP Parse error:  syntax error, unexpected 'class' (T_CLASS) in /var/www/html/wordpress/wp-includes/class-wp.php on line 730
[12-Oct-2016 09:07:36 UTC] PHP Notice:  Undefined variable: nil in /var/www/html/wordpress/wp-includes/user.php on line 2507
[12-Oct-2016 09:07:40 UTC] PHP Notice:  Undefined variable: nil in /var/www/html/wordpress/wp-includes/user.php on line 2507
[12-Oct-2016 09:08:02 UTC] PHP Notice:  Undefined variable: nil in /var/www/html/wordpress/wp-includes/user.php on line 2507
[12-Oct-2016 09:08:26 UTC] PHP Notice:  Undefined variable: nil in /var/www/html/wordpress/wp-includes/user.php on line 2507
[12-Oct-2016 09:09:27 UTC] PHP Notice:  Undefined variable: nil in /var/www/html/wordpress/wp-includes/user.php on line 2507
[12-Oct-2016 09:10:29 UTC] PHP Notice:  Undefined variable: nil in /var/www/html/wordpress/wp-includes/user.php on line 2507
[12-Oct-2016 09:11:29 UTC] PHP Notice:  Undefined variable: nil in /var/www/html/wordpress/wp-includes/user.php on line 2507
[12-Oct-2016 09:13:29 UTC] PHP Notice:  Undefined variable: nil in /var/www/html/wordpress/wp-includes/user.php on line 2507
[12-Oct-2016 09:15:00 UTC] PHP Notice:  Undefined variable: nil in /var/www/html/wordpress/wp-includes/user.php on line 2507
[12-Oct-2016 09:16:00 UTC] PHP Notice:  Undefined variable: nil in /var/www/html/wordpress/wp-includes/user.php on line 2507
[12-Oct-2016 09:18:00 UTC] PHP Notice:  Undefined variable: nil in /var/www/html/wordpress/wp-includes/user.php on line 2507
[12-Oct-2016 09:20:00 UTC] PHP Notice:  Undefined variable: nil in /var/www/html/wordpress/wp-includes/user.php on line 2507
[12-Oct-2016 09:21:00 UTC] PHP Notice:  Undefined variable: nil in /var/www/html/wordpress/wp-includes/user.php on line 2507
[12-Oct-2016 09:22:50 UTC] PHP Notice:  Undefined variable: nil in /var/www/html/wordpress/wp-includes/user.php on line 2507
[12-Oct-2016 09:22:57 UTC] PHP Notice:  Undefined variable: nil in /var/www/html/wordpress/wp-includes/user.php on line 2507
[12-Oct-2016 09:23:01 UTC] PHP Notice:  Undefined variable: nil in /var/www/html/wordpress/wp-includes/user.php on line 2507
[14-Oct-2016 06:14:58 UTC] PHP Warning:  Missing argument 3 for display_extra_column(), called in /var/www/html/wordpress/wp-includes/plugin.php on line 525 and defined in /var/www/html/wordpress/wp-content/themes/twentysixteen/functions.php on line 445
[14-Oct-2016 06:14:58 UTC] PHP Notice:  Undefined variable: post_id in /var/www/html/wordpress/wp-content/themes/twentysixteen/functions.php on line 446
[14-Oct-2016 06:14:58 UTC] PHP Notice:  get_postdata is <strong>deprecated</strong> since version 1.5.1! Use get_post() instead. in /var/www/html/wordpress/wp-includes/functions.php on line 3707
[14-Oct-2016 06:14:58 UTC] PHP Warning:  Missing argument 3 for display_extra_column(), called in /var/www/html/wordpress/wp-includes/plugin.php on line 525 and defined in /var/www/html/wordpress/wp-content/themes/twentysixteen/functions.php on line 445
[14-Oct-2016 06:14:58 UTC] PHP Notice:  Undefined variable: post_id in /var/www/html/wordpress/wp-content/themes/twentysixteen/functions.php on line 446
[14-Oct-2016 06:14:58 UTC] PHP Notice:  get_postdata is <strong>deprecated</strong> since version 1.5.1! Use get_post() instead. in /var/www/html/wordpress/wp-includes/functions.php on line 3707
[14-Oct-2016 06:15:01 UTC] PHP Warning:  Missing argument 3 for display_extra_column(), called in /var/www/html/wordpress/wp-includes/plugin.php on line 525 and defined in /var/www/html/wordpress/wp-content/themes/twentysixteen/functions.php on line 445
[14-Oct-2016 06:15:01 UTC] PHP Notice:  Undefined variable: post_id in /var/www/html/wordpress/wp-content/themes/twentysixteen/functions.php on line 446
[14-Oct-2016 06:15:01 UTC] PHP Notice:  get_postdata is <strong>deprecated</strong> since version 1.5.1! Use get_post() instead. in /var/www/html/wordpress/wp-includes/functions.php on line 3707
[14-Oct-2016 06:15:01 UTC] PHP Warning:  Missing argument 3 for display_extra_column(), called in /var/www/html/wordpress/wp-includes/plugin.php on line 525 and defined in /var/www/html/wordpress/wp-content/themes/twentysixteen/functions.php on line 445
[14-Oct-2016 06:15:01 UTC] PHP Notice:  Undefined variable: post_id in /var/www/html/wordpress/wp-content/themes/twentysixteen/functions.php on line 446
[14-Oct-2016 06:15:01 UTC] PHP Notice:  get_postdata is <strong>deprecated</strong> since version 1.5.1! Use get_post() instead. in /var/www/html/wordpress/wp-includes/functions.php on line 3707
[14-Oct-2016 06:16:22 UTC] PHP Warning:  Missing argument 3 for display_extra_column(), called in /var/www/html/wordpress/wp-includes/plugin.php on line 525 and defined in /var/www/html/wordpress/wp-content/themes/twentysixteen/functions.php on line 445
[14-Oct-2016 06:16:22 UTC] PHP Notice:  Undefined variable: post_id in /var/www/html/wordpress/wp-content/themes/twentysixteen/functions.php on line 446
[14-Oct-2016 06:16:22 UTC] PHP Notice:  get_postdata is <strong>deprecated</strong> since version 1.5.1! Use get_post() instead. in /var/www/html/wordpress/wp-includes/functions.php on line 3707
[14-Oct-2016 06:17:05 UTC] PHP Warning:  Missing argument 3 for display_extra_column(), called in /var/www/html/wordpress/wp-includes/plugin.php on line 525 and defined in /var/www/html/wordpress/wp-content/themes/twentysixteen/functions.php on line 445
[14-Oct-2016 06:17:05 UTC] PHP Notice:  Undefined variable: post_id in /var/www/html/wordpress/wp-content/themes/twentysixteen/functions.php on line 446
[14-Oct-2016 06:17:05 UTC] PHP Notice:  get_postdata is <strong>deprecated</strong> since version 1.5.1! Use get_post() instead. in /var/www/html/wordpress/wp-includes/functions.php on line 3707
[14-Oct-2016 06:18:28 UTC] PHP Warning:  Missing argument 3 for display_extra_column(), called in /var/www/html/wordpress/wp-includes/plugin.php on line 525 and defined in /var/www/html/wordpress/wp-content/themes/twentysixteen/functions.php on line 445
[14-Oct-2016 06:18:28 UTC] PHP Notice:  Undefined variable: post_id in /var/www/html/wordpress/wp-content/themes/twentysixteen/functions.php on line 446
[14-Oct-2016 06:18:28 UTC] PHP Notice:  get_postdata is <strong>deprecated</strong> since version 1.5.1! Use get_post() instead. in /var/www/html/wordpress/wp-includes/functions.php on line 3707
[14-Oct-2016 06:18:53 UTC] PHP Warning:  Missing argument 3 for display_extra_column(), called in /var/www/html/wordpress/wp-includes/plugin.php on line 525 and defined in /var/www/html/wordpress/wp-content/themes/twentysixteen/functions.php on line 445
[14-Oct-2016 06:18:53 UTC] PHP Notice:  Undefined variable: post_id in /var/www/html/wordpress/wp-content/themes/twentysixteen/functions.php on line 446
[14-Oct-2016 06:18:53 UTC] PHP Notice:  get_postdata is <strong>deprecated</strong> since version 1.5.1! Use get_post() instead. in /var/www/html/wordpress/wp-includes/functions.php on line 3707
[14-Oct-2016 06:19:18 UTC] PHP Warning:  Missing argument 3 for display_extra_column(), called in /var/www/html/wordpress/wp-includes/plugin.php on line 525 and defined in /var/www/html/wordpress/wp-content/themes/twentysixteen/functions.php on line 445
[14-Oct-2016 06:19:18 UTC] PHP Notice:  Undefined variable: post_id in /var/www/html/wordpress/wp-content/themes/twentysixteen/functions.php on line 446
[14-Oct-2016 06:19:18 UTC] PHP Notice:  get_postdata is <strong>deprecated</strong> since version 1.5.1! Use get_post() instead. in /var/www/html/wordpress/wp-includes/functions.php on line 3707
[14-Oct-2016 06:19:58 UTC] PHP Notice:  get_postdata is <strong>deprecated</strong> since version 1.5.1! Use get_post() instead. in /var/www/html/wordpress/wp-includes/functions.php on line 3707
[14-Oct-2016 06:20:40 UTC] PHP Fatal error:  Uncaught Error: Cannot use object of type WP_Post as array in /var/www/html/wordpress/wp-content/themes/twentysixteen/functions.php:447
Stack trace:
#0 /var/www/html/wordpress/wp-includes/plugin.php(525): display_extra_column('post_price', 1)
#1 /var/www/html/wordpress/wp-admin/includes/class-wp-posts-list-table.php(1123): do_action('manage_posts_cu...', 'post_price', 1)
#2 /var/www/html/wordpress/wp-admin/includes/class-wp-list-table.php(1306): WP_Posts_List_Table->column_default(Object(WP_Post), 'post_price')
#3 /var/www/html/wordpress/wp-admin/includes/class-wp-posts-list-table.php(1169): WP_List_Table->single_row_columns(Object(WP_Post))
#4 /var/www/html/wordpress/wp-admin/includes/class-wp-posts-list-table.php(656): WP_Posts_List_Table->single_row(Object(WP_Post), 0)
#5 /var/www/html/wordpress/wp-admin/includes/class-wp-posts-list-table.php(638): WP_Posts_List_Table->_display_rows(Array, 0)
#6 /var/www/html/wordpress/wp-admin/includes/class-wp-list-table.php(1214): WP_Posts_List_Table->display_rows()
#7  in /var/www/html/wordpress/wp-content/themes/twentysixteen/functions.php on line 447
[14-Oct-2016 06:20:50 UTC] PHP Notice:  get_postdata is <strong>deprecated</strong> since version 1.5.1! Use get_post() instead. in /var/www/html/wordpress/wp-includes/functions.php on line 3707
[14-Oct-2016 06:23:20 UTC] PHP Notice:  Undefined offset: 0 in /var/www/html/wordpress/wp-content/themes/twentysixteen/functions.php on line 441
[14-Oct-2016 06:23:20 UTC] PHP Notice:  Trying to get property of non-object in /var/www/html/wordpress/wp-content/themes/twentysixteen/functions.php on line 441
[14-Oct-2016 06:25:46 UTC] PHP Notice:  get_postdata is <strong>deprecated</strong> since version 1.5.1! Use get_post() instead. in /var/www/html/wordpress/wp-includes/functions.php on line 3707
[14-Oct-2016 06:35:45 UTC] PHP Notice:  get_postdata is <strong>deprecated</strong> since version 1.5.1! Use get_post() instead. in /var/www/html/wordpress/wp-includes/functions.php on line 3707
